[debug] [2023-06-02T13:47:01.901Z] ----------------------------------------------------------------------
[debug] [2023-06-02T13:47:01.907Z] Command:       /home/singingsongs/.nvm/versions/node/v16.18.0/bin/node /usr/local/bin/firebase init
[debug] [2023-06-02T13:47:01.909Z] CLI Version:   11.29.0
[debug] [2023-06-02T13:47:01.909Z] Platform:      linux
[debug] [2023-06-02T13:47:01.910Z] Node Version:  v16.18.0
[debug] [2023-06-02T13:47:01.911Z] Time:          Fri Jun 02 2023 14:47:01 GMT+0100 (West Africa Standard Time)
[debug] [2023-06-02T13:47:01.911Z] ----------------------------------------------------------------------
[debug] 
[debug] [2023-06-02T13:47:01.919Z] > command requires scopes: ["email","openid","https://www.googleapis.com/auth/cloudplatformprojects.readonly","https://www.googleapis.com/auth/firebase","https://www.googleapis.com/auth/cloud-platform"]
[debug] [2023-06-02T13:47:01.920Z] > authorizing via signed-in user (ejesunday2@gmail.com)
[info] 
     ######## #### ########  ######## ########     ###     ######  ########
     ##        ##  ##     ## ##       ##     ##  ##   ##  ##       ##
     ######    ##  ########  ######   ########  #########  ######  ######
     ##        ##  ##    ##  ##       ##     ## ##     ##       ## ##
     ##       #### ##     ## ######## ########  ##     ##  ######  ########

You're about to initialize a Firebase project in this directory:

  /home/singingsongs/Documents/personalProjects/clientProject/Online_classroom

[info] 
=== Project Setup
[info] 
[info] First, let's associate this project directory with a Firebase project.
[info] You can create multiple project aliases by running firebase use --add, 
[info] but for now we'll just set up a default project.
[info] 
[debug] [2023-06-02T13:47:28.955Z] > refreshing access token with scopes: []
[debug] [2023-06-02T13:47:28.959Z] >>> [apiv2][query] POST https://www.googleapis.com/oauth2/v3/token [none]
[debug] [2023-06-02T13:47:28.960Z] >>> [apiv2][body] POST https://www.googleapis.com/oauth2/v3/token [omitted]
[debug] [2023-06-02T13:47:29.495Z] <<< [apiv2][status] POST https://www.googleapis.com/oauth2/v3/token 200
[debug] [2023-06-02T13:47:29.495Z] <<< [apiv2][body] POST https://www.googleapis.com/oauth2/v3/token [omitted]
[debug] [2023-06-02T13:47:29.611Z] >>> [apiv2][query] GET https://firebase.googleapis.com/v1beta1/projects pageSize=100
[debug] [2023-06-02T13:47:30.644Z] <<< [apiv2][status] GET https://firebase.googleapis.com/v1beta1/projects 200
[debug] [2023-06-02T13:47:30.645Z] <<< [apiv2][body] GET https://firebase.googleapis.com/v1beta1/projects [omitted]
[info] i  Using project online-classroom-e9519 (Online classroom) 
[info] 
=== Functions Setup
[debug] [2023-06-02T13:47:46.433Z] > command requires scopes: ["email","openid","https://www.googleapis.com/auth/cloudplatformprojects.readonly","https://www.googleapis.com/auth/firebase","https://www.googleapis.com/auth/cloud-platform"]
[debug] [2023-06-02T13:47:46.434Z] > authorizing via signed-in user (ejesunday2@gmail.com)
[debug] [2023-06-02T13:47:46.434Z] [iam] checking project online-classroom-e9519 for permissions ["firebase.projects.get"]
[debug] [2023-06-02T13:47:46.435Z] >>> [apiv2][query] POST https://cloudresourcemanager.googleapis.com/v1/projects/online-classroom-e9519:testIamPermissions [none]
[debug] [2023-06-02T13:47:46.436Z] >>> [apiv2][(partial)header] POST https://cloudresourcemanager.googleapis.com/v1/projects/online-classroom-e9519:testIamPermissions x-goog-quota-user=projects/online-classroom-e9519
[debug] [2023-06-02T13:47:46.436Z] >>> [apiv2][body] POST https://cloudresourcemanager.googleapis.com/v1/projects/online-classroom-e9519:testIamPermissions {"permissions":["firebase.projects.get"]}
[debug] [2023-06-02T13:47:47.820Z] <<< [apiv2][status] POST https://cloudresourcemanager.googleapis.com/v1/projects/online-classroom-e9519:testIamPermissions 200
[debug] [2023-06-02T13:47:47.821Z] <<< [apiv2][body] POST https://cloudresourcemanager.googleapis.com/v1/projects/online-classroom-e9519:testIamPermissions {"permissions":["firebase.projects.get"]}
[debug] [2023-06-02T13:47:47.824Z] >>> [apiv2][query] GET https://serviceusage.googleapis.com/v1/projects/online-classroom-e9519/services/cloudfunctions.googleapis.com [none]
[debug] [2023-06-02T13:47:47.824Z] >>> [apiv2][(partial)header] GET https://serviceusage.googleapis.com/v1/projects/online-classroom-e9519/services/cloudfunctions.googleapis.com x-goog-quota-user=projects/online-classroom-e9519
[debug] [2023-06-02T13:47:47.827Z] >>> [apiv2][query] GET https://serviceusage.googleapis.com/v1/projects/online-classroom-e9519/services/runtimeconfig.googleapis.com [none]
[debug] [2023-06-02T13:47:47.828Z] >>> [apiv2][(partial)header] GET https://serviceusage.googleapis.com/v1/projects/online-classroom-e9519/services/runtimeconfig.googleapis.com x-goog-quota-user=projects/online-classroom-e9519
[debug] [2023-06-02T13:47:49.104Z] <<< [apiv2][status] GET https://serviceusage.googleapis.com/v1/projects/online-classroom-e9519/services/runtimeconfig.googleapis.com 200
[debug] [2023-06-02T13:47:49.104Z] <<< [apiv2][body] GET https://serviceusage.googleapis.com/v1/projects/online-classroom-e9519/services/runtimeconfig.googleapis.com [omitted]
[debug] [2023-06-02T13:47:49.105Z] <<< [apiv2][status] GET https://serviceusage.googleapis.com/v1/projects/online-classroom-e9519/services/cloudfunctions.googleapis.com 200
[debug] [2023-06-02T13:47:49.106Z] <<< [apiv2][body] GET https://serviceusage.googleapis.com/v1/projects/online-classroom-e9519/services/cloudfunctions.googleapis.com [omitted]
[debug] [2023-06-02T13:47:49.106Z] >>> [apiv2][query] POST https://serviceusage.googleapis.com/v1/projects/online-classroom-e9519/services/cloudfunctions.googleapis.com:enable [none]
[debug] [2023-06-02T13:47:49.107Z] >>> [apiv2][(partial)header] POST https://serviceusage.googleapis.com/v1/projects/online-classroom-e9519/services/cloudfunctions.googleapis.com:enable x-goog-quota-user=projects/online-classroom-e9519
[debug] [2023-06-02T13:47:50.996Z] <<< [apiv2][status] POST https://serviceusage.googleapis.com/v1/projects/online-classroom-e9519/services/cloudfunctions.googleapis.com:enable 200
[debug] [2023-06-02T13:47:50.996Z] <<< [apiv2][body] POST https://serviceusage.googleapis.com/v1/projects/online-classroom-e9519/services/cloudfunctions.googleapis.com:enable [omitted]
[debug] [2023-06-02T13:48:01.000Z] >>> [apiv2][query] GET https://serviceusage.googleapis.com/v1/projects/online-classroom-e9519/services/cloudfunctions.googleapis.com [none]
[debug] [2023-06-02T13:48:01.001Z] >>> [apiv2][(partial)header] GET https://serviceusage.googleapis.com/v1/projects/online-classroom-e9519/services/cloudfunctions.googleapis.com x-goog-quota-user=projects/online-classroom-e9519
[debug] [2023-06-02T13:48:02.222Z] <<< [apiv2][status] GET https://serviceusage.googleapis.com/v1/projects/online-classroom-e9519/services/cloudfunctions.googleapis.com 200
[debug] [2023-06-02T13:48:02.223Z] <<< [apiv2][body] GET https://serviceusage.googleapis.com/v1/projects/online-classroom-e9519/services/cloudfunctions.googleapis.com [omitted]
[info] Let's create a new codebase for your functions.
[info] A directory corresponding to the codebase will be created in your project
[info] with sample code pre-configured.

[info] See https://firebase.google.com/docs/functions/organize-functions for
[info] more information on organizing your functions using codebases.

[info] Functions can be deployed with firebase deploy.

[info] ✔  Wrote functions/package.json 
[info] ✔  Wrote functions/index.js 
[info] ✔  Wrote functions/.gitignore 
[info] 
=== Hosting Setup
[info] 
[info] Your public directory is the folder (relative to your project directory) that
[info] will contain Hosting assets to be uploaded with firebase deploy. If you
[info] have a build process for your assets, use your build's output directory.
[info] 
[debug] [2023-06-02T13:54:46.775Z] >>> [apiv2][query] GET https://www.gstatic.com/firebasejs/releases.json [none]
[debug] [2023-06-02T13:54:47.475Z] <<< [apiv2][status] GET https://www.gstatic.com/firebasejs/releases.json 200
[debug] [2023-06-02T13:54:47.475Z] <<< [apiv2][body] GET https://www.gstatic.com/firebasejs/releases.json {"current":{"version":"9.22.1","browserURL":"https://www.gstatic.com/firebasejs/9.22.1/firebase.js","packageURL":"https://www.gstatic.com/firebasejs/9.22.1/firebase.tgz"},"live":{"version":"9.22","browserURL":"https://www.gstatic.com/firebasejs/live/9.22/firebase.js","packageURL":"https://www.gstatic.com/firebasejs/live/9.22/firebase.tgz"},"components":{"analytics":"https://www.gstatic.com/firebasejs/9.22.1/firebase-analytics.js","app":"https://www.gstatic.com/firebasejs/9.22.1/firebase-app.js","app-check":"https://www.gstatic.com/firebasejs/9.22.1/firebase-app-check.js","auth":"https://www.gstatic.com/firebasejs/9.22.1/firebase-auth.js","auth/cordova":"https://www.gstatic.com/firebasejs/9.22.1/firebase-auth/cordova.js","auth/react-native":"https://www.gstatic.com/firebasejs/9.22.1/firebase-auth/react-native.js","functions":"https://www.gstatic.com/firebasejs/9.22.1/firebase-functions.js","firestore":"https://www.gstatic.com/firebasejs/9.22.1/firebase-firestore.js","firestore/lite":"https://www.gstatic.com/firebasejs/9.22.1/firebase-firestore/lite.js","installations":"https://www.gstatic.com/firebasejs/9.22.1/firebase-installations.js","storage":"https://www.gstatic.com/firebasejs/9.22.1/firebase-storage.js","performance":"https://www.gstatic.com/firebasejs/9.22.1/firebase-performance.js","remote-config":"https://www.gstatic.com/firebasejs/9.22.1/firebase-remote-config.js","messaging":"https://www.gstatic.com/firebasejs/9.22.1/firebase-messaging.js","messaging/sw":"https://www.gstatic.com/firebasejs/9.22.1/firebase-messaging/sw.js","database":"https://www.gstatic.com/firebasejs/9.22.1/firebase-database.js","firestore.memory":"https://www.gstatic.com/firebasejs/9.22.1/firebase-firestore.memory.js"}}
[info] ✔  Wrote static/index.html 
[info] 
[info] i  Detected a .git folder at /home/singingsongs/Documents/personalProjects/clientProject/Online_classroom 
[info] i  Authorizing with GitHub to upload your service account to a GitHub repository's secrets store. 
[info] 
[info] Visit this URL on this device to log in:
[info] https://github.com/login/oauth/authorize?client_id=89cf50f02ac6aaed3484&state=163506764&redirect_uri=http%3A%2F%2Flocalhost%3A9005&scope=read%3Auser%20repo%20public_repo
[info] 
[info] Waiting for authentication...
[debug] [2023-06-02T13:55:20.453Z] >>> [apiv2][query] POST https://github.com/login/oauth/access_token [none]
[debug] [2023-06-02T13:55:20.453Z] >>> [apiv2][body] POST https://github.com/login/oauth/access_token [stream]
[debug] [2023-06-02T13:55:21.227Z] <<< [apiv2][status] POST https://github.com/login/oauth/access_token 200
[debug] [2023-06-02T13:55:21.227Z] <<< [apiv2][body] POST https://github.com/login/oauth/access_token {"access_token":"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","token_type":"bearer","scope":"read:user,repo"}
[debug] [2023-06-02T13:55:21.522Z] >>> [apiv2][query] GET https://api.github.com/user [none]
[debug] [2023-06-02T13:55:22.202Z] <<< [apiv2][status] GET https://api.github.com/user 200
[debug] [2023-06-02T13:55:22.202Z] <<< [apiv2][body] GET https://api.github.com/user {"login":"Asinging","id":39298294,"node_id":"MDQ6VXNlcjM5Mjk4Mjk0","avatar_url":"https://avatars.githubusercontent.com/u/39298294?v=4","gravatar_id":"","url":"https://api.github.com/users/Asinging","html_url":"https://github.com/Asinging","followers_url":"https://api.github.com/users/Asinging/followers","following_url":"https://api.github.com/users/Asinging/following{/other_user}","gists_url":"https://api.github.com/users/Asinging/gists{/gist_id}","starred_url":"https://api.github.com/users/Asinging/starred{/owner}{/repo}","subscriptions_url":"https://api.github.com/users/Asinging/subscriptions","organizations_url":"https://api.github.com/users/Asinging/orgs","repos_url":"https://api.github.com/users/Asinging/repos","events_url":"https://api.github.com/users/Asinging/events{/privacy}","received_events_url":"https://api.github.com/users/Asinging/received_events","type":"User","site_admin":false,"name":"Singingsongs","company":null,"blog":"","location":null,"email":null,"hireable":null,"bio":"A Software Engineer | Logic Lover | A very Loyal friend of The Truth","twitter_username":null,"public_repos":15,"public_gists":0,"followers":0,"following":8,"created_at":"2018-05-15T09:29:46Z","updated_at":"2023-05-26T17:46:29Z","private_gists":0,"total_private_repos":8,"owned_private_repos":8,"disk_usage":1203979,"collaborators":0,"two_factor_authentication":false,"plan":{"name":"free","space":976562499,"collaborators":0,"private_repos":10000}}
[info] 
[info] ✔  Success! Logged into GitHub as Asinging 
[info] 
